{
  "RSpec": {
    "coverage": {
      "/Users/chipcarnes/Documents/epicodus-projects/erefuge/spec/controllers/accounts_controller_spec.rb": [
        1,
        null,
        1,
        null,
        null
      ],
      "/Users/chipcarnes/Documents/epicodus-projects/erefuge/spec/rails_helper.rb": [
        null,
        1,
        1,
        null,
        1,
        1,
        1,
        1,
        null,
        null,
        null,
        null,
        null,
        null,
        null,
        null,
        null,
        null,
        null,
        null,
        null,
        null,
        null,
        null,
        null,
        null,
        null,
        null,
        1,
        null,
        1,
        null,
        1,
        null,
        1,
        null,
        null,
        null,
        null,
        null,
        1,
        null,
        null,
        null,
        null,
        null,
        null,
        null,
        null,
        null,
        null,
        null,
        null,
        null,
        null,
        1,
        null,
        null,
        1,
        null,
        null,
        1,
        null,
        null,
        1,
        1,
        1,
        1,
        null,
        null
      ],
      "/Users/chipcarnes/Documents/epicodus-projects/erefuge/config/environment.rb": [
        null,
        1,
        null,
        null,
        1
      ],
      "/Users/chipcarnes/Documents/epicodus-projects/erefuge/config/application.rb": [
        1,
        null,
        1,
        null,
        1,
        1,
        1,
        1,
        1,
        1,
        1,
        1,
        null,
        null,
        null,
        null,
        1,
        null,
        1,
        1,
        null,
        null,
        null,
        1,
        null,
        null
      ],
      "/Users/chipcarnes/Documents/epicodus-projects/erefuge/config/boot.rb": [
        1,
        null,
        1
      ],
      "/Users/chipcarnes/Documents/epicodus-projects/erefuge/config/environments/test.rb": [
        1,
        null,
        null,
        null,
        null,
        null,
        null,
        1,
        null,
        null,
        null,
        null,
        1,
        null,
        null,
        1,
        1,
        null,
        null,
        null,
        null,
        1,
        1,
        null,
        null,
        1,
        null,
        null,
        1,
        1,
        null,
        null,
        null,
        null,
        1,
        null,
        null,
        1,
        null,
        null,
        null,
        null
      ],
      "/Users/chipcarnes/Documents/epicodus-projects/erefuge/config/initializers/application_controller_renderer.rb": [
        null,
        null,
        null,
        null,
        null,
        null
      ],
      "/Users/chipcarnes/Documents/epicodus-projects/erefuge/config/initializers/assets.rb": [
        null,
        null,
        null,
        1,
        null,
        null,
        null,
        null,
        null,
        null,
        null
      ],
      "/Users/chipcarnes/Documents/epicodus-projects/erefuge/config/initializers/backtrace_silencers.rb": [
        null,
        null,
        null,
        null,
        null,
        null,
        null
      ],
      "/Users/chipcarnes/Documents/epicodus-projects/erefuge/config/initializers/cookies_serializer.rb": [
        null,
        null,
        null,
        null,
        1
      ],
      "/Users/chipcarnes/Documents/epicodus-projects/erefuge/config/initializers/devise.rb": [
        null,
        null,
        1,
        null,
        null,
        null,
        null,
        null,
        null,
        null,
        null,
        null,
        null,
        null,
        1,
        null,
        null,
        null,
        null,
        null,
        null,
        null,
        null,
        null,
        null,
        null,
        1,
        null,
        null,
        null,
        null,
        null,
        null,
        null,
        null,
        null,
        null,
        null,
        null,
        null,
        null,
        null,
        null,
        null,
        null,
        null,
        null,
        null,
        1,
        null,
        null,
        null,
        null,
        1,
        null,
        null,
        null,
        null,
        null,
        null,
        null,
        null,
        null,
        null,
        null,
        null,
        null,
        null,
        null,
        null,
        null,
        null,
        null,
        null,
        null,
        null,
        null,
        null,
        null,
        null,
        null,
        null,
        null,
        null,
        1,
        null,
        null,
        null,
        null,
        null,
        null,
        null,
        null,
        null,
        null,
        null,
        null,
        null,
        null,
        null,
        null,
        null,
        null,
        null,
        null,
        null,
        null,
        1,
        null,
        null,
        null,
        null,
        null,
        null,
        null,
        null,
        null,
        null,
        null,
        null,
        null,
        null,
        null,
        null,
        null,
        null,
        null,
        null,
        null,
        null,
        null,
        null,
        null,
        null,
        null,
        1,
        null,
        null,
        null,
        null,
        null,
        null,
        null,
        null,
        null,
        1,
        null,
        null,
        null,
        null,
        null,
        null,
        null,
        null,
        null,
        null,
        1,
        null,
        null,
        null,
        null,
        1,
        null,
        null,
        null,
        null,
        null,
        null,
        null,
        null,
        null,
        null,
        null,
        null,
        null,
        null,
        null,
        null,
        null,
        null,
        null,
        null,
        null,
        null,
        null,
        null,
        null,
        null,
        null,
        null,
        null,
        null,
        null,
        null,
        null,
        null,
        null,
        null,
        null,
        null,
        null,
        null,
        1,
        null,
        null,
        null,
        null,
        null,
        null,
        null,
        null,
        null,
        null,
        null,
        null,
        null,
        null,
        null,
        null,
        null,
        null,
        null,
        null,
        null,
        null,
        null,
        null,
        null,
        null,
        null,
        null,
        null,
        null,
        null,
        null,
        null,
        null,
        null,
        null,
        null,
        null,
        null,
        null,
        null,
        1,
        null,
        null,
        null,
        null,
        null,
        null,
        null,
        null,
        null,
        null,
        null,
        null,
        null,
        null,
        null,
        null,
        null,
        null,
        null,
        null,
        null,
        null,
        null,
        null,
        null,
        null,
        null,
        null,
        null
      ],
      "/Users/chipcarnes/Documents/epicodus-projects/erefuge/config/initializers/filter_parameter_logging.rb": [
        null,
        null,
        null,
        1
      ],
      "/Users/chipcarnes/Documents/epicodus-projects/erefuge/config/initializers/inflections.rb": [
        null,
        null,
        null,
        null,
        null,
        null,
        null,
        null,
        null,
        null,
        null,
        null,
        null,
        null,
        null,
        null
      ],
      "/Users/chipcarnes/Documents/epicodus-projects/erefuge/config/initializers/mime_types.rb": [
        null,
        null,
        null,
        null
      ],
      "/Users/chipcarnes/Documents/epicodus-projects/erefuge/config/initializers/new_framework_defaults.rb": [
        null,
        null,
        null,
        null,
        null,
        null,
        null,
        1,
        null,
        null,
        1,
        null,
        null,
        null,
        1,
        null,
        null,
        1,
        null,
        null,
        1,
        null,
        null,
        1
      ],
      "/Users/chipcarnes/Documents/epicodus-projects/erefuge/config/initializers/session_store.rb": [
        null,
        null,
        1
      ],
      "/Users/chipcarnes/Documents/epicodus-projects/erefuge/config/initializers/simple_form.rb": [
        null,
        1,
        null,
        null,
        null,
        null,
        null,
        1,
        null,
        null,
        null,
        null,
        null,
        null,
        null,
        null,
        null,
        1,
        null,
        null,
        null,
        1,
        null,
        null,
        null,
        null,
        null,
        null,
        null,
        null,
        1,
        null,
        null,
        1,
        null,
        null,
        1,
        null,
        null,
        1,
        null,
        null,
        1,
        1,
        1,
        null,
        null,
        null,
        null,
        null,
        null,
        null,
        null,
        null,
        1,
        null,
        null,
        null,
        null,
        null,
        1,
        null,
        null,
        1,
        null,
        null,
        null,
        null,
        null,
        null,
        null,
        1,
        null,
        null,
        1,
        null,
        null,
        null,
        null,
        null,
        null,
        null,
        null,
        null,
        null,
        null,
        null,
        null,
        null,
        null,
        null,
        null,
        null,
        null,
        null,
        null,
        null,
        null,
        null,
        null,
        null,
        null,
        null,
        null,
        null,
        null,
        null,
        null,
        null,
        null,
        null,
        null,
        null,
        null,
        null,
        null,
        null,
        null,
        null,
        1,
        null,
        null,
        null,
        null,
        null,
        null,
        null,
        null,
        null,
        null,
        null,
        null,
        null,
        null,
        null,
        null,
        null,
        null,
        null,
        null,
        null,
        null,
        null,
        null,
        null,
        null,
        null,
        null,
        null,
        null,
        null,
        null,
        null,
        null,
        null,
        null,
        1,
        null,
        null,
        null,
        null,
        null,
        null,
        null,
        null
      ],
      "/Users/chipcarnes/Documents/epicodus-projects/erefuge/config/initializers/wrap_parameters.rb": [
        null,
        null,
        null,
        null,
        null,
        null,
        1,
        2,
        null,
        null,
        null,
        null,
        null,
        null
      ],
      "/Users/chipcarnes/Documents/epicodus-projects/erefuge/app/helpers/accounts_helper.rb": [
        1,
        null
      ],
      "/Users/chipcarnes/Documents/epicodus-projects/erefuge/app/helpers/application_helper.rb": [
        1,
        null
      ],
      "/Users/chipcarnes/Documents/epicodus-projects/erefuge/app/helpers/events_helper.rb": [
        1,
        null
      ],
      "/Users/chipcarnes/Documents/epicodus-projects/erefuge/config/routes.rb": [
        1,
        1,
        1,
        1,
        null,
        null,
        1,
        null,
        null
      ],
      "/Users/chipcarnes/Documents/epicodus-projects/erefuge/app/models/user.rb": [
        1,
        null,
        null,
        1,
        null,
        null,
        1,
        1,
        1,
        null
      ],
      "/Users/chipcarnes/Documents/epicodus-projects/erefuge/app/models/application_record.rb": [
        1,
        1,
        null
      ],
      "/Users/chipcarnes/Documents/epicodus-projects/erefuge/app/controllers/application_controller.rb": [
        1,
        1,
        null
      ],
      "/Users/chipcarnes/Documents/epicodus-projects/erefuge/app/channels/application_cable/channel.rb": [
        1,
        1,
        null,
        null
      ],
      "/Users/chipcarnes/Documents/epicodus-projects/erefuge/app/channels/application_cable/connection.rb": [
        1,
        1,
        null,
        null
      ],
      "/Users/chipcarnes/Documents/epicodus-projects/erefuge/app/controllers/accounts_controller.rb": [
        1,
        null
      ],
      "/Users/chipcarnes/Documents/epicodus-projects/erefuge/app/controllers/events_controller.rb": [
        1,
        1,
        null,
        null,
        1,
        1,
        null,
        null,
        1,
        1,
        1,
        1,
        1,
        null,
        0,
        null,
        null,
        null,
        1,
        0,
        0,
        0,
        null,
        0,
        null,
        null,
        null,
        1,
        0,
        0,
        0,
        null,
        null,
        1,
        null,
        1,
        1,
        null,
        null,
        null,
        null,
        null,
        null,
        null,
        null,
        null
      ],
      "/Users/chipcarnes/Documents/epicodus-projects/erefuge/app/controllers/home_controller.rb": [
        1,
        1,
        null,
        null,
        null
      ],
      "/Users/chipcarnes/Documents/epicodus-projects/erefuge/app/controllers/registrations_controller.rb": [
        1,
        null,
        1,
        null,
        1,
        0,
        null,
        null,
        1,
        0,
        null,
        null
      ],
      "/Users/chipcarnes/Documents/epicodus-projects/erefuge/app/jobs/application_job.rb": [
        1,
        null
      ],
      "/Users/chipcarnes/Documents/epicodus-projects/erefuge/app/mailers/application_mailer.rb": [
        1,
        1,
        1,
        null
      ],
      "/Users/chipcarnes/Documents/epicodus-projects/erefuge/app/models/account.rb": [
        1,
        1,
        null,
        1,
        null
      ],
      "/Users/chipcarnes/Documents/epicodus-projects/erefuge/app/models/event.rb": [
        1,
        1,
        1,
        null
      ],
      "/Users/chipcarnes/Documents/epicodus-projects/erefuge/spec/factories/accounts.rb": [
        1,
        1,
        1,
        1,
        1,
        null,
        null
      ],
      "/Users/chipcarnes/Documents/epicodus-projects/erefuge/spec/factories/events.rb": [
        1,
        1,
        1,
        1,
        1,
        1,
        1,
        1,
        1,
        null,
        null
      ],
      "/Users/chipcarnes/Documents/epicodus-projects/erefuge/spec/factories/users.rb": [
        1,
        1,
        1,
        1,
        1,
        null,
        null
      ],
      "/Users/chipcarnes/Documents/epicodus-projects/erefuge/spec/controllers/events_controller_spec.rb": [
        1,
        null,
        1,
        1,
        1,
        1,
        1,
        1,
        1,
        1,
        null,
        null,
        null,
        1,
        1,
        1,
        1,
        1,
        1,
        1,
        null,
        null,
        null,
        null,
        null,
        1,
        1,
        1,
        1,
        1,
        1,
        1,
        0,
        0,
        null,
        null,
        null,
        null
      ],
      "/Users/chipcarnes/Documents/epicodus-projects/erefuge/spec/helpers/accounts_helper_spec.rb": [
        1,
        null,
        null,
        null,
        null,
        null,
        null,
        null,
        null,
        null,
        null,
        null,
        1,
        1,
        null
      ],
      "/Users/chipcarnes/Documents/epicodus-projects/erefuge/spec/models/account_spec.rb": [
        1,
        null,
        1,
        1,
        4,
        null,
        null
      ],
      "/Users/chipcarnes/Documents/epicodus-projects/erefuge/spec/models/event_spec.rb": [
        1,
        null,
        1,
        1,
        14,
        null,
        null
      ],
      "/Users/chipcarnes/Documents/epicodus-projects/erefuge/spec/models/user_spec.rb": [
        1,
        null,
        1,
        2,
        null
      ]
    },
    "timestamp": 1474781243
  }
}
