{
  "RSpec": {
    "coverage": {
      "/Users/chipcarnes/Documents/epicodus-projects/erefuge/spec/controllers/accounts_controller_spec.rb": [
        1,
        null,
        1,
        null,
        null
      ],
      "/Users/chipcarnes/Documents/epicodus-projects/erefuge/spec/rails_helper.rb": [
        null,
        1,
        1,
        null,
        1,
        1,
        1,
        1,
        null,
        null,
        null,
        null,
        null,
        null,
        null,
        null,
        null,
        null,
        null,
        null,
        null,
        null,
        null,
        null,
        null,
        null,
        null,
        null,
        1,
        null,
        1,
        null,
        1,
        null,
        1,
        null,
        null,
        null,
        null,
        null,
        1,
        null,
        null,
        null,
        null,
        null,
        null,
        null,
        null,
        null,
        null,
        null,
        null,
        null,
        null,
        1,
        null,
        null,
        1,
        null,
        null,
        1,
        null,
        null,
        1,
        1,
        1,
        1,
        null,
        null
      ],
      "/Users/chipcarnes/Documents/epicodus-projects/erefuge/config/environment.rb": [
        null,
        1,
        null,
        null,
        1
      ],
      "/Users/chipcarnes/Documents/epicodus-projects/erefuge/config/application.rb": [
        1,
        null,
        1,
        null,
        1,
        1,
        1,
        1,
        1,
        1,
        1,
        1,
        null,
        null,
        null,
        null,
        1,
        null,
        1,
        1,
        null,
        null,
        null,
        1,
        null,
        null
      ],
      "/Users/chipcarnes/Documents/epicodus-projects/erefuge/config/boot.rb": [
        1,
        null,
        1
      ],
      "/Users/chipcarnes/Documents/epicodus-projects/erefuge/config/spring.rb": [
        null,
        null,
        null,
        null,
        null,
        5
      ],
      "/Users/chipcarnes/Documents/epicodus-projects/erefuge/config/environments/test.rb": [
        1,
        null,
        null,
        null,
        null,
        null,
        null,
        1,
        null,
        null,
        null,
        null,
        1,
        null,
        null,
        1,
        1,
        null,
        null,
        null,
        null,
        1,
        1,
        null,
        null,
        1,
        null,
        null,
        1,
        1,
        null,
        null,
        null,
        null,
        1,
        null,
        null,
        1,
        null,
        null,
        null,
        null
      ],
      "/Users/chipcarnes/Documents/epicodus-projects/erefuge/config/initializers/application_controller_renderer.rb": [
        null,
        null,
        null,
        null,
        null,
        null
      ],
      "/Users/chipcarnes/Documents/epicodus-projects/erefuge/config/initializers/assets.rb": [
        null,
        null,
        null,
        1,
        null,
        null,
        null,
        null,
        null,
        null,
        null
      ],
      "/Users/chipcarnes/Documents/epicodus-projects/erefuge/config/initializers/backtrace_silencers.rb": [
        null,
        null,
        null,
        null,
        null,
        null,
        null
      ],
      "/Users/chipcarnes/Documents/epicodus-projects/erefuge/config/initializers/cookies_serializer.rb": [
        null,
        null,
        null,
        null,
        1
      ],
      "/Users/chipcarnes/Documents/epicodus-projects/erefuge/config/initializers/devise.rb": [
        null,
        null,
        1,
        null,
        null,
        null,
        null,
        null,
        null,
        null,
        null,
        null,
        null,
        null,
        1,
        null,
        null,
        null,
        null,
        null,
        null,
        null,
        null,
        null,
        null,
        null,
        1,
        null,
        null,
        null,
        null,
        null,
        null,
        null,
        null,
        null,
        null,
        null,
        null,
        null,
        null,
        null,
        null,
        null,
        null,
        null,
        null,
        null,
        1,
        null,
        null,
        null,
        null,
        1,
        null,
        null,
        null,
        null,
        null,
        null,
        null,
        null,
        null,
        null,
        null,
        null,
        null,
        null,
        null,
        null,
        null,
        null,
        null,
        null,
        null,
        null,
        null,
        null,
        null,
        null,
        null,
        null,
        null,
        null,
        1,
        null,
        null,
        null,
        null,
        null,
        null,
        null,
        null,
        null,
        null,
        null,
        null,
        null,
        null,
        null,
        null,
        null,
        null,
        null,
        null,
        null,
        null,
        1,
        null,
        null,
        null,
        null,
        null,
        null,
        null,
        null,
        null,
        null,
        null,
        null,
        null,
        null,
        null,
        null,
        null,
        null,
        null,
        null,
        null,
        null,
        null,
        null,
        null,
        null,
        null,
        1,
        null,
        null,
        null,
        null,
        null,
        null,
        null,
        null,
        null,
        1,
        null,
        null,
        null,
        null,
        null,
        null,
        null,
        null,
        null,
        null,
        1,
        null,
        null,
        null,
        null,
        1,
        null,
        null,
        null,
        null,
        null,
        null,
        null,
        null,
        null,
        null,
        null,
        null,
        null,
        null,
        null,
        null,
        null,
        null,
        null,
        null,
        null,
        null,
        null,
        null,
        null,
        null,
        null,
        null,
        null,
        null,
        null,
        null,
        null,
        null,
        null,
        null,
        null,
        null,
        null,
        null,
        1,
        null,
        null,
        null,
        null,
        null,
        null,
        null,
        null,
        null,
        null,
        null,
        null,
        null,
        null,
        null,
        null,
        null,
        null,
        null,
        null,
        null,
        null,
        null,
        null,
        null,
        null,
        null,
        null,
        null,
        null,
        null,
        null,
        null,
        null,
        null,
        null,
        null,
        null,
        null,
        null,
        null,
        1,
        null,
        null,
        null,
        null,
        null,
        null,
        null,
        null,
        null,
        null,
        null,
        null,
        null,
        null,
        null,
        null,
        null,
        null,
        null,
        null,
        null,
        null,
        null,
        null,
        null,
        null,
        null,
        null,
        null
      ],
      "/Users/chipcarnes/Documents/epicodus-projects/erefuge/config/initializers/filter_parameter_logging.rb": [
        null,
        null,
        null,
        1
      ],
      "/Users/chipcarnes/Documents/epicodus-projects/erefuge/config/initializers/inflections.rb": [
        null,
        null,
        null,
        null,
        null,
        null,
        null,
        null,
        null,
        null,
        null,
        null,
        null,
        null,
        null,
        null
      ],
      "/Users/chipcarnes/Documents/epicodus-projects/erefuge/config/initializers/mime_types.rb": [
        null,
        null,
        null,
        null
      ],
      "/Users/chipcarnes/Documents/epicodus-projects/erefuge/config/initializers/new_framework_defaults.rb": [
        null,
        null,
        null,
        null,
        null,
        null,
        null,
        1,
        null,
        null,
        1,
        null,
        null,
        null,
        1,
        null,
        null,
        1,
        null,
        null,
        1,
        null,
        null,
        1
      ],
      "/Users/chipcarnes/Documents/epicodus-projects/erefuge/config/initializers/rails_admin.rb": [
        1,
        null,
        null,
        null,
        null,
        1,
        2,
        null,
        1,
        null,
        null,
        1,
        null,
        null,
        null,
        null,
        null,
        null,
        null,
        null,
        null,
        null,
        null,
        null,
        null,
        1,
        1,
        1,
        1,
        1,
        1,
        1,
        1,
        1,
        1,
        null,
        null,
        null,
        null,
        null,
        null
      ],
      "/Users/chipcarnes/Documents/epicodus-projects/erefuge/config/initializers/redis.rb": [
        1,
        1,
        null
      ],
      "/Users/chipcarnes/Documents/epicodus-projects/erefuge/config/initializers/session_store.rb": [
        null,
        null,
        1
      ],
      "/Users/chipcarnes/Documents/epicodus-projects/erefuge/config/initializers/simple_form.rb": [
        null,
        1,
        null,
        null,
        null,
        null,
        null,
        1,
        null,
        null,
        null,
        null,
        null,
        null,
        null,
        null,
        null,
        1,
        null,
        null,
        null,
        1,
        null,
        null,
        null,
        null,
        null,
        null,
        null,
        null,
        1,
        null,
        null,
        1,
        null,
        null,
        1,
        null,
        null,
        1,
        null,
        null,
        1,
        1,
        1,
        null,
        null,
        null,
        null,
        null,
        null,
        null,
        null,
        null,
        1,
        null,
        null,
        null,
        null,
        null,
        1,
        null,
        null,
        1,
        null,
        null,
        null,
        null,
        null,
        null,
        null,
        1,
        null,
        null,
        1,
        null,
        null,
        null,
        null,
        null,
        null,
        null,
        null,
        null,
        null,
        null,
        null,
        null,
        null,
        null,
        null,
        null,
        null,
        null,
        null,
        null,
        null,
        null,
        null,
        null,
        null,
        null,
        null,
        null,
        null,
        null,
        null,
        null,
        null,
        null,
        null,
        null,
        null,
        null,
        null,
        null,
        null,
        null,
        null,
        1,
        null,
        null,
        null,
        null,
        null,
        null,
        null,
        null,
        null,
        null,
        null,
        null,
        null,
        null,
        null,
        null,
        null,
        null,
        null,
        null,
        null,
        null,
        null,
        null,
        null,
        null,
        null,
        null,
        null,
        null,
        null,
        null,
        null,
        null,
        null,
        null,
        1,
        null,
        null,
        null,
        null,
        null,
        null,
        null,
        null
      ],
      "/Users/chipcarnes/Documents/epicodus-projects/erefuge/config/initializers/wrap_parameters.rb": [
        null,
        null,
        null,
        null,
        null,
        null,
        1,
        2,
        null,
        null,
        null,
        null,
        null,
        null
      ],
      "/Users/chipcarnes/Documents/epicodus-projects/erefuge/app/helpers/accounts_helper.rb": [
        1,
        null
      ],
      "/Users/chipcarnes/Documents/epicodus-projects/erefuge/app/helpers/application_helper.rb": [
        1,
        null
      ],
      "/Users/chipcarnes/Documents/epicodus-projects/erefuge/app/helpers/events_helper.rb": [
        1,
        1,
        0,
        null,
        null
      ],
      "/Users/chipcarnes/Documents/epicodus-projects/erefuge/config/routes.rb": [
        1,
        1,
        1,
        null,
        1,
        null,
        1,
        null,
        1,
        null,
        1,
        null,
        1,
        null
      ],
      "/Users/chipcarnes/Documents/epicodus-projects/erefuge/app/models/user.rb": [
        1,
        null,
        null,
        1,
        null,
        null,
        1,
        1,
        1,
        1,
        1,
        null
      ],
      "/Users/chipcarnes/Documents/epicodus-projects/erefuge/app/models/application_record.rb": [
        1,
        1,
        null
      ],
      "/Users/chipcarnes/Documents/epicodus-projects/erefuge/app/controllers/application_controller.rb": [
        1,
        1,
        null,
        1,
        0,
        null,
        null
      ],
      "/Users/chipcarnes/Documents/epicodus-projects/erefuge/app/channels/application_cable/channel.rb": [
        1,
        1,
        null,
        null
      ],
      "/Users/chipcarnes/Documents/epicodus-projects/erefuge/app/channels/application_cable/connection.rb": [
        null,
        1,
        1,
        1,
        null,
        1,
        0,
        0,
        null,
        null,
        1,
        null,
        1,
        0,
        0,
        null,
        0,
        null,
        null,
        null,
        null
      ],
      "/Users/chipcarnes/Documents/epicodus-projects/erefuge/app/channels/chat_rooms_channel.rb": [
        null,
        1,
        1,
        0,
        null,
        null,
        1,
        null,
        null,
        null,
        1,
        0,
        null,
        null
      ],
      "/Users/chipcarnes/Documents/epicodus-projects/erefuge/app/controllers/accounts_controller.rb": [
        1,
        1,
        null,
        1,
        10,
        10,
        null,
        null,
        1,
        7,
        null,
        null,
        1,
        7,
        7,
        7,
        7,
        6,
        6,
        6,
        6,
        null,
        1,
        null,
        null,
        null,
        1,
        2,
        null,
        null,
        1,
        2,
        2,
        1,
        1,
        null,
        1,
        null,
        null,
        null,
        1,
        1,
        1,
        1,
        1,
        null,
        null,
        1,
        1,
        9,
        null,
        null
      ],
      "/Users/chipcarnes/Documents/epicodus-projects/erefuge/app/controllers/chat_rooms_controller.rb": [
        null,
        1,
        1,
        0,
        null,
        null,
        1,
        0,
        null,
        null,
        1,
        0,
        0,
        0,
        0,
        null,
        0,
        null,
        null,
        null,
        1,
        0,
        0,
        null,
        null,
        1,
        null,
        1,
        0,
        null,
        null
      ],
      "/Users/chipcarnes/Documents/epicodus-projects/erefuge/app/controllers/events_controller.rb": [
        1,
        1,
        null,
        null,
        1,
        1,
        null,
        null,
        1,
        1,
        1,
        1,
        1,
        null,
        0,
        null,
        null,
        null,
        1,
        0,
        0,
        0,
        null,
        0,
        null,
        null,
        null,
        1,
        0,
        0,
        0,
        null,
        null,
        1,
        null,
        1,
        1,
        null,
        null,
        null,
        null,
        null,
        null,
        null,
        null,
        null
      ],
      "/Users/chipcarnes/Documents/epicodus-projects/erefuge/app/controllers/home_controller.rb": [
        1,
        1,
        null,
        null,
        null
      ],
      "/Users/chipcarnes/Documents/epicodus-projects/erefuge/app/controllers/messages_controller.rb": [
        1,
        null
      ],
      "/Users/chipcarnes/Documents/epicodus-projects/erefuge/app/controllers/registrations_controller.rb": [
        1,
        1,
        null,
        1,
        0,
        null,
        null,
        1,
        null,
        1,
        0,
        null,
        null,
        1,
        2,
        null,
        null
      ],
      "/Users/chipcarnes/Documents/epicodus-projects/erefuge/app/jobs/application_job.rb": [
        1,
        null
      ],
      "/Users/chipcarnes/Documents/epicodus-projects/erefuge/app/jobs/message_broadcast_job.rb": [
        1,
        1,
        null,
        1,
        0,
        null,
        null,
        null,
        1,
        null,
        1,
        0,
        null,
        null
      ],
      "/Users/chipcarnes/Documents/epicodus-projects/erefuge/app/mailers/application_mailer.rb": [
        1,
        1,
        1,
        null
      ],
      "/Users/chipcarnes/Documents/epicodus-projects/erefuge/app/models/ability.rb": [
        1,
        1,
        null,
        1,
        null,
        1,
        1,
        0,
        0,
        0,
        null,
        null,
        null,
        null,
        null,
        null,
        null,
        null,
        null,
        null,
        null,
        null,
        null,
        null,
        null,
        null,
        null,
        null,
        null,
        null,
        null,
        null,
        null,
        null,
        null,
        null,
        null,
        null,
        null
      ],
      "/Users/chipcarnes/Documents/epicodus-projects/erefuge/app/models/account.rb": [
        1,
        1,
        null,
        1,
        null
      ],
      "/Users/chipcarnes/Documents/epicodus-projects/erefuge/app/models/chat_room.rb": [
        1,
        1,
        1,
        1,
        null
      ],
      "/Users/chipcarnes/Documents/epicodus-projects/erefuge/app/models/event.rb": [
        1,
        1,
        1,
        null
      ],
      "/Users/chipcarnes/Documents/epicodus-projects/erefuge/app/models/message.rb": [
        1,
        1,
        1,
        1,
        null,
        null,
        1,
        null,
        1,
        0,
        null,
        null
      ],
      "/Users/chipcarnes/Documents/epicodus-projects/erefuge/spec/factories/accounts.rb": [
        1,
        1,
        1,
        1,
        null,
        null
      ],
      "/Users/chipcarnes/Documents/epicodus-projects/erefuge/spec/factories/chat_rooms.rb": [
        1,
        1,
        1,
        1,
        null,
        null
      ],
      "/Users/chipcarnes/Documents/epicodus-projects/erefuge/spec/factories/events.rb": [
        1,
        1,
        1,
        1,
        1,
        1,
        1,
        1,
        1,
        null,
        null
      ],
      "/Users/chipcarnes/Documents/epicodus-projects/erefuge/spec/factories/messages.rb": [
        1,
        1,
        1,
        1,
        1,
        null,
        null
      ],
      "/Users/chipcarnes/Documents/epicodus-projects/erefuge/spec/factories/users.rb": [
        1,
        1,
        1,
        1,
        1,
        1,
        1,
        null,
        null,
        null
      ],
      "/Users/chipcarnes/Documents/epicodus-projects/erefuge/spec/controllers/events_controller_spec.rb": [
        1,
        null,
        1,
        1,
        1,
        1,
        1,
        1,
        1,
        1,
        null,
        null,
        null,
        1,
        1,
        1,
        1,
        1,
        1,
        1,
        null,
        null,
        null,
        null,
        null,
        null,
        null,
        null,
        null,
        null,
        null,
        null,
        null,
        null,
        null,
        null,
        null,
        null
      ],
      "/Users/chipcarnes/Documents/epicodus-projects/erefuge/spec/features/add_account_pages_spec.rb": [
        1,
        null,
        1,
        1,
        1,
        1,
        1,
        1,
        1,
        1,
        1,
        1,
        1,
        1,
        null,
        null,
        1,
        1,
        1,
        1,
        1,
        1,
        1,
        null,
        null
      ],
      "/Users/chipcarnes/Documents/epicodus-projects/erefuge/spec/features/add_user_pages_spec.rb": [
        1,
        null,
        1,
        1,
        1,
        1,
        0,
        0,
        0,
        0,
        0,
        0,
        null,
        null,
        1,
        1,
        1,
        0,
        0,
        null,
        null
      ],
      "/Users/chipcarnes/Documents/epicodus-projects/erefuge/spec/features/delete_account_pages_spec.rb": [
        1,
        null,
        1,
        1,
        1,
        1,
        1,
        1,
        1,
        1,
        1,
        1,
        1,
        1,
        1,
        1,
        1,
        null,
        null
      ],
      "/Users/chipcarnes/Documents/epicodus-projects/erefuge/spec/features/edit_account_pages_spec.rb": [
        1,
        null,
        1,
        1,
        1,
        1,
        1,
        1,
        1,
        1,
        1,
        1,
        1,
        1,
        1,
        1,
        1,
        1,
        1,
        null,
        null,
        1,
        1,
        1,
        1,
        1,
        1,
        1,
        1,
        1,
        1,
        1,
        1,
        1,
        1,
        1,
        1,
        1,
        null,
        null
      ],
      "/Users/chipcarnes/Documents/epicodus-projects/erefuge/spec/features/edit_user_pages_spec.rb": [
        1,
        null,
        1,
        1,
        1,
        1,
        1,
        1,
        1,
        1,
        1,
        1,
        1,
        1,
        null,
        1,
        1,
        1,
        1,
        1,
        null,
        null,
        1,
        1,
        1,
        1,
        1,
        1,
        1,
        1,
        1,
        1,
        1,
        null,
        1,
        1,
        1,
        1,
        1,
        null,
        null
      ],
      "/Users/chipcarnes/Documents/epicodus-projects/erefuge/spec/features/view_dashboard_pages_spec.rb": [
        null,
        1,
        null,
        1,
        1,
        1,
        1,
        1,
        1,
        null,
        0,
        null,
        null,
        1,
        1,
        1,
        null,
        null,
        1,
        1,
        1,
        1,
        0,
        null,
        null
      ],
      "/Users/chipcarnes/Documents/epicodus-projects/erefuge/spec/models/account_spec.rb": [
        1,
        null,
        1,
        1,
        4,
        null,
        null
      ],
      "/Users/chipcarnes/Documents/epicodus-projects/erefuge/spec/models/chat_room_spec.rb": [
        1,
        null,
        1,
        1,
        null
      ],
      "/Users/chipcarnes/Documents/epicodus-projects/erefuge/spec/models/event_spec.rb": [
        1,
        null,
        1,
        1,
        14,
        null,
        null
      ],
      "/Users/chipcarnes/Documents/epicodus-projects/erefuge/spec/models/message_spec.rb": [
        1,
        null,
        1,
        1,
        null
      ],
      "/Users/chipcarnes/Documents/epicodus-projects/erefuge/spec/models/user_spec.rb": [
        1,
        null,
        1,
        2,
        null
      ]
    },
    "timestamp": 1475520262
  }
}
